#
# There is insufficient memory for the Java Runtime Environment to continue.
# Native memory allocation (malloc) failed to allocate 1404176 bytes for Chunk::new
# Possible reasons:
#   The system is out of physical RAM or swap space
#   The process is running with CompressedOops enabled, and the Java Heap may be blocking the growth of the native heap
# Possible solutions:
#   Reduce memory load on the system
#   Increase physical memory or swap space
#   Check if swap backing store is full
#   Decrease Java heap size (-Xmx/-Xms)
#   Decrease number of Java threads
#   Decrease Java thread stack sizes (-Xss)
#   Set larger code cache with -XX:ReservedCodeCacheSize=
#   JVM is running with Unscaled Compressed Oops mode in which the Java heap is
#     placed in the first 4GB address space. The Java Heap base address is the
#     maximum limit for the native heap growth. Please use -XX:HeapBaseMinAddress
#     to set the Java Heap base and to place the Java Heap above 4GB virtual address.
# This output file may be truncated or incomplete.
#
#  Out of Memory Error (arena.cpp:184), pid=8996, tid=1480
#
# JRE version: Java(TM) SE Runtime Environment (20.0.1+9) (build 20.0.1+9-29)
# Java VM: Java HotSpot(TM) 64-Bit Server VM (20.0.1+9-29, mixed mode, sharing, tiered, compressed oops, compressed class ptrs, g1 gc, windows-amd64)
# No core dump will be written. Minidumps are not enabled by default on client versions of Windows
#

---------------  S U M M A R Y ------------

Command Line: -ea -Didea.test.cyclic.buffer.size=1048576 -javaagent:C:\Program Files\JetBrains\IntelliJ IDEA 2023.1.1\lib\idea_rt.jar=51077:C:\Program Files\JetBrains\IntelliJ IDEA 2023.1.1\bin -Dfile.encoding=UTF-8 -Dsun.stdout.encoding=UTF-8 -Dsun.stderr.encoding=UTF-8 com.intellij.rt.junit.JUnitStarter -ideVersion5 -junit5 com.example.TDDMiniProject.TestHTTPRequests,getAllOrdersApi

Host: Intel(R) Core(TM) i5-8350U CPU @ 1.70GHz, 8 cores, 7G,  Windows 10 , 64 bit Build 19041 (10.0.19041.3031)
Time: Fri Jul  7 15:55:02 2023 Eastern Daylight Time elapsed time: 3.560071 seconds (0d 0h 0m 3s)

---------------  T H R E A D  ---------------

Current thread (0x000001c54349a920):  JavaThread "C2 CompilerThread0" daemon [_thread_in_native, id=1480, stack(0x000000664cf00000,0x000000664d000000)]


Current CompileTask:
C2:   3560 1795       4       java.lang.invoke.MethodType::methodType (69 bytes)

Stack: [0x000000664cf00000,0x000000664d000000]
Native frames: (J=compiled Java code, j=interpreted, Vv=VM code, C=native code)
V  [jvm.dll+0x6bb95a]
V  [jvm.dll+0x8485fa]
V  [jvm.dll+0x84a1f5]
V  [jvm.dll+0x84a8f3]
V  [jvm.dll+0x280b0f]
V  [jvm.dll+0xc2b11]
V  [jvm.dll+0xc2e35]
V  [jvm.dll+0x3bb142]
V  [jvm.dll+0x3857f5]
V  [jvm.dll+0x384c6a]
V  [jvm.dll+0x24b259]
V  [jvm.dll+0x24a651]
V  [jvm.dll+0x1ce491]
V  [jvm.dll+0x259e1b]
V  [jvm.dll+0x2584f0]
V  [jvm.dll+0x3f2895]
V  [jvm.dll+0x7f4b56]
V  [jvm.dll+0x6ba5cb]
C  [ucrtbase.dll+0x21bb2]
C  [KERNEL32.DLL+0x17614]
C  [ntdll.dll+0x526f1]


---------------  P R O C E S S  ---------------

Threads class SMR info:
_java_thread_list=0x000001c5485b2c80, length=13, elements={
0x000001c526aec360, 0x000001c54348d380, 0x000001c54348e320, 0x000001c543494230,
0x000001c5434950d0, 0x000001c543498a30, 0x000001c543499370, 0x000001c54349a920,
0x000001c54349b780, 0x000001c543459670, 0x000001c547943130, 0x000001c5479de110,
0x000001c5485b25b0
}

Java Threads: ( => current thread )
  0x000001c526aec360 JavaThread "main" [_thread_in_vm, id=14324, stack(0x000000664c200000,0x000000664c300000)]
  0x000001c54348d380 JavaThread "Reference Handler" daemon [_thread_blocked, id=3536, stack(0x000000664c900000,0x000000664ca00000)]
  0x000001c54348e320 JavaThread "Finalizer" daemon [_thread_blocked, id=3000, stack(0x000000664ca00000,0x000000664cb00000)]
  0x000001c543494230 JavaThread "Signal Dispatcher" daemon [_thread_blocked, id=13520, stack(0x000000664cb00000,0x000000664cc00000)]
  0x000001c5434950d0 JavaThread "Attach Listener" daemon [_thread_blocked, id=4060, stack(0x000000664cc00000,0x000000664cd00000)]
  0x000001c543498a30 JavaThread "Service Thread" daemon [_thread_blocked, id=1368, stack(0x000000664cd00000,0x000000664ce00000)]
  0x000001c543499370 JavaThread "Monitor Deflation Thread" daemon [_thread_blocked, id=1064, stack(0x000000664ce00000,0x000000664cf00000)]
=>0x000001c54349a920 JavaThread "C2 CompilerThread0" daemon [_thread_in_native, id=1480, stack(0x000000664cf00000,0x000000664d000000)]
  0x000001c54349b780 JavaThread "C1 CompilerThread0" daemon [_thread_in_native, id=3708, stack(0x000000664d000000,0x000000664d100000)]
  0x000001c543459670 JavaThread "Common-Cleaner" daemon [_thread_blocked, id=8500, stack(0x000000664d100000,0x000000664d200000)]
  0x000001c547943130 JavaThread "Monitor Ctrl-Break" daemon [_thread_in_native, id=7672, stack(0x000000664d200000,0x000000664d300000)]
  0x000001c5479de110 JavaThread "Notification Thread" daemon [_thread_blocked, id=8388, stack(0x000000664d300000,0x000000664d400000)]
  0x000001c5485b25b0 JavaThread "C2 CompilerThread1" daemon [_thread_in_native, id=12640, stack(0x000000664db00000,0x000000664dc00000)]

Other Threads:
  0x000001c54346ef50 VMThread "VM Thread" [stack: 0x000000664c800000,0x000000664c900000] [id=10140]
  0x000001c547943680 WatcherThread "VM Periodic Task Thread" [stack: 0x000000664d400000,0x000000664d500000] [id=11564]
  0x000001c526b4b090 WorkerThread "GC Thread#0" [stack: 0x000000664c300000,0x000000664c400000] [id=6960]
  0x000001c548007be0 WorkerThread "GC Thread#1" [stack: 0x000000664d500000,0x000000664d600000] [id=2952]
  0x000001c548006290 WorkerThread "GC Thread#2" [stack: 0x000000664d600000,0x000000664d700000] [id=14104]
  0x000001c548006560 WorkerThread "GC Thread#3" [stack: 0x000000664d700000,0x000000664d800000] [id=8656]
  0x000001c548006b00 WorkerThread "GC Thread#4" [stack: 0x000000664d800000,0x000000664d900000] [id=14224]
  0x000001c548007910 WorkerThread "GC Thread#5" [stack: 0x000000664d900000,0x000000664da00000] [id=14240]
  0x000001c548006dd0 WorkerThread "GC Thread#6" [stack: 0x000000664da00000,0x000000664db00000] [id=11568]
  0x000001c526b5cbf0 ConcurrentGCThread "G1 Main Marker" [stack: 0x000000664c400000,0x000000664c500000] [id=4208]
  0x000001c526b5d620 WorkerThread "G1 Conc#0" [stack: 0x000000664c500000,0x000000664c600000] [id=7368]
  0x000001c526bae580 ConcurrentGCThread "G1 Refine#0" [stack: 0x000000664c600000,0x000000664c700000] [id=11392]
  0x000001c5433202a0 ConcurrentGCThread "G1 Service" [stack: 0x000000664c700000,0x000000664c800000] [id=13640]

Threads with active compile tasks:
C2 CompilerThread0     3609 1795       4       java.lang.invoke.MethodType::methodType (69 bytes)
C1 CompilerThread0     3609 1831       3       org.springframework.core.ResolvableType::resolveClass (74 bytes)
C2 CompilerThread1     3609 1827 % !   4       java.util.concurrent.ConcurrentHashMap::transfer @ 96 (849 bytes)

VM state: not at safepoint (normal execution)

VM Mutex/Monitor currently owned by a thread:  ([mutex/lock_event])
[0x000001c526aeaa10] Module_lock - owner thread: 0x0000000000000000

Heap address: 0x0000000081e00000, size: 2018 MB, Compressed Oops mode: 32-bit

CDS archive(s) mapped at: [0x0000000800000000-0x0000000800c60000-0x0000000800c60000), size 12976128, SharedBaseAddress: 0x0000000800000000, ArchiveRelocationMode: 0.
Compressed class space mapped at: 0x0000000801000000-0x0000000841000000, reserved size: 1073741824
Narrow klass base: 0x0000000800000000, Narrow klass shift: 0, Narrow klass range: 0x100000000

GC Precious Log:
 CardTable entry size: 512
 Card Set container configuration: InlinePtr #cards 5 size 8 Array Of Cards #cards 12 size 40 Howl #buckets 4 coarsen threshold 1843 Howl Bitmap #cards 512 size 80 coarsen threshold 460 Card regions per heap region 1 cards per card region 2048
 CPUs: 8 total, 8 available
 Memory: 8067M
 Large Page Support: Disabled
 NUMA Support: Disabled
 Compressed Oops: Enabled (32-bit)
 Heap Region Size: 1M
 Heap Min Capacity: 8M
 Heap Initial Capacity: 128M
 Heap Max Capacity: 2018M
 Pre-touch: Disabled
 Parallel Workers: 8
 Concurrent Workers: 2
 Concurrent Refinement Workers: 8
 Periodic GC: Disabled

Heap:
 garbage-first heap   total 131072K, used 27244K [0x0000000081e00000, 0x0000000100000000)
  region size 1024K, 25 young (25600K), 3 survivors (3072K)
 Metaspace       used 11344K, committed 11584K, reserved 1114112K
  class space    used 1422K, committed 1536K, reserved 1048576K

Heap Regions: E=young(eden), S=young(survivor), O=old, HS=humongous(starts), HC=humongous(continues), CS=collection set, F=free, OA=open archive, CA=closed archive, TAMS=top-at-mark-start, PB=parsable bottom
|   0|0x0000000081e00000, 0x0000000081f00000, 0x0000000081f00000|100%|HS|  |TAMS 0x0000000081e00000| PB 0x0000000081e00000| Complete 
|   1|0x0000000081f00000, 0x0000000082000000, 0x0000000082000000|100%| O|  |TAMS 0x0000000081f00000| PB 0x0000000081f00000| Untracked 
|   2|0x0000000082000000, 0x0000000082100000, 0x0000000082100000|100%| O|  |TAMS 0x0000000082000000| PB 0x0000000082000000| Untracked 
|   3|0x0000000082100000, 0x000000008219b008, 0x0000000082200000| 60%| O|  |TAMS 0x0000000082100000| PB 0x0000000082100000| Untracked 
|   4|0x0000000082200000, 0x0000000082200000, 0x0000000082300000|  0%| F|  |TAMS 0x0000000082200000| PB 0x0000000082200000| Untracked 
|   5|0x0000000082300000, 0x0000000082300000, 0x0000000082400000|  0%| F|  |TAMS 0x0000000082300000| PB 0x0000000082300000| Untracked 
|   6|0x0000000082400000, 0x0000000082400000, 0x0000000082500000|  0%| F|  |TAMS 0x0000000082400000| PB 0x0000000082400000| Untracked 
|   7|0x0000000082500000, 0x0000000082500000, 0x0000000082600000|  0%| F|  |TAMS 0x0000000082500000| PB 0x0000000082500000| Untracked 
|   8|0x0000000082600000, 0x0000000082600000, 0x0000000082700000|  0%| F|  |TAMS 0x0000000082600000| PB 0x0000000082600000| Untracked 
|   9|0x0000000082700000, 0x0000000082700000, 0x0000000082800000|  0%| F|  |TAMS 0x0000000082700000| PB 0x0000000082700000| Untracked 
|  10|0x0000000082800000, 0x0000000082800000, 0x0000000082900000|  0%| F|  |TAMS 0x0000000082800000| PB 0x0000000082800000| Untracked 
|  11|0x0000000082900000, 0x0000000082900000, 0x0000000082a00000|  0%| F|  |TAMS 0x0000000082900000| PB 0x0000000082900000| Untracked 
|  12|0x0000000082a00000, 0x0000000082a00000, 0x0000000082b00000|  0%| F|  |TAMS 0x0000000082a00000| PB 0x0000000082a00000| Untracked 
|  13|0x0000000082b00000, 0x0000000082b00000, 0x0000000082c00000|  0%| F|  |TAMS 0x0000000082b00000| PB 0x0000000082b00000| Untracked 
|  14|0x0000000082c00000, 0x0000000082c00000, 0x0000000082d00000|  0%| F|  |TAMS 0x0000000082c00000| PB 0x0000000082c00000| Untracked 
|  15|0x0000000082d00000, 0x0000000082d00000, 0x0000000082e00000|  0%| F|  |TAMS 0x0000000082d00000| PB 0x0000000082d00000| Untracked 
|  16|0x0000000082e00000, 0x0000000082e00000, 0x0000000082f00000|  0%| F|  |TAMS 0x0000000082e00000| PB 0x0000000082e00000| Untracked 
|  17|0x0000000082f00000, 0x0000000082f00000, 0x0000000083000000|  0%| F|  |TAMS 0x0000000082f00000| PB 0x0000000082f00000| Untracked 
|  18|0x0000000083000000, 0x0000000083000000, 0x0000000083100000|  0%| F|  |TAMS 0x0000000083000000| PB 0x0000000083000000| Untracked 
|  19|0x0000000083100000, 0x0000000083100000, 0x0000000083200000|  0%| F|  |TAMS 0x0000000083100000| PB 0x0000000083100000| Untracked 
|  20|0x0000000083200000, 0x0000000083200000, 0x0000000083300000|  0%| F|  |TAMS 0x0000000083200000| PB 0x0000000083200000| Untracked 
|  21|0x0000000083300000, 0x0000000083300000, 0x0000000083400000|  0%| F|  |TAMS 0x0000000083300000| PB 0x0000000083300000| Untracked 
|  22|0x0000000083400000, 0x0000000083400000, 0x0000000083500000|  0%| F|  |TAMS 0x0000000083400000| PB 0x0000000083400000| Untracked 
|  23|0x0000000083500000, 0x0000000083500000, 0x0000000083600000|  0%| F|  |TAMS 0x0000000083500000| PB 0x0000000083500000| Untracked 
|  24|0x0000000083600000, 0x0000000083600000, 0x0000000083700000|  0%| F|  |TAMS 0x0000000083600000| PB 0x0000000083600000| Untracked 
|  25|0x0000000083700000, 0x0000000083700000, 0x0000000083800000|  0%| F|  |TAMS 0x0000000083700000| PB 0x0000000083700000| Untracked 
|  26|0x0000000083800000, 0x0000000083800000, 0x0000000083900000|  0%| F|  |TAMS 0x0000000083800000| PB 0x0000000083800000| Untracked 
|  27|0x0000000083900000, 0x0000000083900000, 0x0000000083a00000|  0%| F|  |TAMS 0x0000000083900000| PB 0x0000000083900000| Untracked 
|  28|0x0000000083a00000, 0x0000000083a00000, 0x0000000083b00000|  0%| F|  |TAMS 0x0000000083a00000| PB 0x0000000083a00000| Untracked 
|  29|0x0000000083b00000, 0x0000000083b00000, 0x0000000083c00000|  0%| F|  |TAMS 0x0000000083b00000| PB 0x0000000083b00000| Untracked 
|  30|0x0000000083c00000, 0x0000000083c00000, 0x0000000083d00000|  0%| F|  |TAMS 0x0000000083c00000| PB 0x0000000083c00000| Untracked 
|  31|0x0000000083d00000, 0x0000000083d00000, 0x0000000083e00000|  0%| F|  |TAMS 0x0000000083d00000| PB 0x0000000083d00000| Untracked 
|  32|0x0000000083e00000, 0x0000000083e00000, 0x0000000083f00000|  0%| F|  |TAMS 0x0000000083e00000| PB 0x0000000083e00000| Untracked 
|  33|0x0000000083f00000, 0x0000000083f00000, 0x0000000084000000|  0%| F|  |TAMS 0x0000000083f00000| PB 0x0000000083f00000| Untracked 
|  34|0x0000000084000000, 0x0000000084000000, 0x0000000084100000|  0%| F|  |TAMS 0x0000000084000000| PB 0x0000000084000000| Untracked 
|  35|0x0000000084100000, 0x0000000084100000, 0x0000000084200000|  0%| F|  |TAMS 0x0000000084100000| PB 0x0000000084100000| Untracked 
|  36|0x0000000084200000, 0x0000000084200000, 0x0000000084300000|  0%| F|  |TAMS 0x0000000084200000| PB 0x0000000084200000| Untracked 
|  37|0x0000000084300000, 0x0000000084300000, 0x0000000084400000|  0%| F|  |TAMS 0x0000000084300000| PB 0x0000000084300000| Untracked 
|  38|0x0000000084400000, 0x0000000084400000, 0x0000000084500000|  0%| F|  |TAMS 0x0000000084400000| PB 0x0000000084400000| Untracked 
|  39|0x0000000084500000, 0x0000000084500000, 0x0000000084600000|  0%| F|  |TAMS 0x0000000084500000| PB 0x0000000084500000| Untracked 
|  40|0x0000000084600000, 0x0000000084600000, 0x0000000084700000|  0%| F|  |TAMS 0x0000000084600000| PB 0x0000000084600000| Untracked 
|  41|0x0000000084700000, 0x0000000084700000, 0x0000000084800000|  0%| F|  |TAMS 0x0000000084700000| PB 0x0000000084700000| Untracked 
|  42|0x0000000084800000, 0x0000000084800000, 0x0000000084900000|  0%| F|  |TAMS 0x0000000084800000| PB 0x0000000084800000| Untracked 
|  43|0x0000000084900000, 0x0000000084900000, 0x0000000084a00000|  0%| F|  |TAMS 0x0000000084900000| PB 0x0000000084900000| Untracked 
|  44|0x0000000084a00000, 0x0000000084a00000, 0x0000000084b00000|  0%| F|  |TAMS 0x0000000084a00000| PB 0x0000000084a00000| Untracked 
|  45|0x0000000084b00000, 0x0000000084b00000, 0x0000000084c00000|  0%| F|  |TAMS 0x0000000084b00000| PB 0x0000000084b00000| Untracked 
|  46|0x0000000084c00000, 0x0000000084c00000, 0x0000000084d00000|  0%| F|  |TAMS 0x0000000084c00000| PB 0x0000000084c00000| Untracked 
|  47|0x0000000084d00000, 0x0000000084d00000, 0x0000000084e00000|  0%| F|  |TAMS 0x0000000084d00000| PB 0x0000000084d00000| Untracked 
|  48|0x0000000084e00000, 0x0000000084e00000, 0x0000000084f00000|  0%| F|  |TAMS 0x0000000084e00000| PB 0x0000000084e00000| Untracked 
|  49|0x0000000084f00000, 0x0000000084f00000, 0x0000000085000000|  0%| F|  |TAMS 0x0000000084f00000| PB 0x0000000084f00000| Untracked 
|  50|0x0000000085000000, 0x0000000085000000, 0x0000000085100000|  0%| F|  |TAMS 0x0000000085000000| PB 0x0000000085000000| Untracked 
|  51|0x0000000085100000, 0x0000000085100000, 0x0000000085200000|  0%| F|  |TAMS 0x0000000085100000| PB 0x0000000085100000| Untracked 
|  52|0x0000000085200000, 0x0000000085200000, 0x0000000085300000|  0%| F|  |TAMS 0x0000000085200000| PB 0x0000000085200000| Untracked 
|  53|0x0000000085300000, 0x0000000085300000, 0x0000000085400000|  0%| F|  |TAMS 0x0000000085300000| PB 0x0000000085300000| Untracked 
|  54|0x0000000085400000, 0x0000000085400000, 0x0000000085500000|  0%| F|  |TAMS 0x0000000085400000| PB 0x0000000085400000| Untracked 
|  55|0x0000000085500000, 0x0000000085500000, 0x0000000085600000|  0%| F|  |TAMS 0x0000000085500000| PB 0x0000000085500000| Untracked 
|  56|0x0000000085600000, 0x0000000085600000, 0x0000000085700000|  0%| F|  |TAMS 0x0000000085600000| PB 0x0000000085600000| Untracked 
|  57|0x0000000085700000, 0x0000000085700000, 0x0000000085800000|  0%| F|  |TAMS 0x0000000085700000| PB 0x0000000085700000| Untracked 
|  58|0x0000000085800000, 0x0000000085800000, 0x0000000085900000|  0%| F|  |TAMS 0x0000000085800000| PB 0x0000000085800000| Untracked 
|  59|0x0000000085900000, 0x0000000085900000, 0x0000000085a00000|  0%| F|  |TAMS 0x0000000085900000| PB 0x0000000085900000| Untracked 
|  60|0x0000000085a00000, 0x0000000085a00000, 0x0000000085b00000|  0%| F|  |TAMS 0x0000000085a00000| PB 0x0000000085a00000| Untracked 
|  61|0x0000000085b00000, 0x0000000085b00000, 0x0000000085c00000|  0%| F|  |TAMS 0x0000000085b00000| PB 0x0000000085b00000| Untracked 
|  62|0x0000000085c00000, 0x0000000085c00000, 0x0000000085d00000|  0%| F|  |TAMS 0x0000000085c00000| PB 0x0000000085c00000| Untracked 
|  63|0x0000000085d00000, 0x0000000085d00000, 0x0000000085e00000|  0%| F|  |TAMS 0x0000000085d00000| PB 0x0000000085d00000| Untracked 
|  64|0x0000000085e00000, 0x0000000085e00000, 0x0000000085f00000|  0%| F|  |TAMS 0x0000000085e00000| PB 0x0000000085e00000| Untracked 
|  65|0x0000000085f00000, 0x0000000085f00000, 0x0000000086000000|  0%| F|  |TAMS 0x0000000085f00000| PB 0x0000000085f00000| Untracked 
|  66|0x0000000086000000, 0x0000000086000000, 0x0000000086100000|  0%| F|  |TAMS 0x0000000086000000| PB 0x0000000086000000| Untracked 
|  67|0x0000000086100000, 0x0000000086100000, 0x0000000086200000|  0%| F|  |TAMS 0x0000000086100000| PB 0x0000000086100000| Untracked 
|  68|0x0000000086200000, 0x0000000086200000, 0x0000000086300000|  0%| F|  |TAMS 0x0000000086200000| PB 0x0000000086200000| Untracked 
|  69|0x0000000086300000, 0x0000000086300000, 0x0000000086400000|  0%| F|  |TAMS 0x0000000086300000| PB 0x0000000086300000| Untracked 
|  70|0x0000000086400000, 0x0000000086400000, 0x0000000086500000|  0%| F|  |TAMS 0x0000000086400000| PB 0x0000000086400000| Untracked 
|  71|0x0000000086500000, 0x0000000086500000, 0x0000000086600000|  0%| F|  |TAMS 0x0000000086500000| PB 0x0000000086500000| Untracked 
|  72|0x0000000086600000, 0x0000000086600000, 0x0000000086700000|  0%| F|  |TAMS 0x0000000086600000| PB 0x0000000086600000| Untracked 
|  73|0x0000000086700000, 0x0000000086700000, 0x0000000086800000|  0%| F|  |TAMS 0x0000000086700000| PB 0x0000000086700000| Untracked 
|  74|0x0000000086800000, 0x0000000086800000, 0x0000000086900000|  0%| F|  |TAMS 0x0000000086800000| PB 0x0000000086800000| Untracked 
|  75|0x0000000086900000, 0x0000000086900000, 0x0000000086a00000|  0%| F|  |TAMS 0x0000000086900000| PB 0x0000000086900000| Untracked 
|  76|0x0000000086a00000, 0x0000000086a00000, 0x0000000086b00000|  0%| F|  |TAMS 0x0000000086a00000| PB 0x0000000086a00000| Untracked 
|  77|0x0000000086b00000, 0x0000000086b00000, 0x0000000086c00000|  0%| F|  |TAMS 0x0000000086b00000| PB 0x0000000086b00000| Untracked 
|  78|0x0000000086c00000, 0x0000000086c00000, 0x0000000086d00000|  0%| F|  |TAMS 0x0000000086c00000| PB 0x0000000086c00000| Untracked 
|  79|0x0000000086d00000, 0x0000000086d00000, 0x0000000086e00000|  0%| F|  |TAMS 0x0000000086d00000| PB 0x0000000086d00000| Untracked 
|  80|0x0000000086e00000, 0x0000000086e00000, 0x0000000086f00000|  0%| F|  |TAMS 0x0000000086e00000| PB 0x0000000086e00000| Untracked 
|  81|0x0000000086f00000, 0x0000000086f00000, 0x0000000087000000|  0%| F|  |TAMS 0x0000000086f00000| PB 0x0000000086f00000| Untracked 
|  82|0x0000000087000000, 0x0000000087000000, 0x0000000087100000|  0%| F|  |TAMS 0x0000000087000000| PB 0x0000000087000000| Untracked 
|  83|0x0000000087100000, 0x0000000087100000, 0x0000000087200000|  0%| F|  |TAMS 0x0000000087100000| PB 0x0000000087100000| Untracked 
|  84|0x0000000087200000, 0x0000000087200000, 0x0000000087300000|  0%| F|  |TAMS 0x0000000087200000| PB 0x0000000087200000| Untracked 
|  85|0x0000000087300000, 0x0000000087300000, 0x0000000087400000|  0%| F|  |TAMS 0x0000000087300000| PB 0x0000000087300000| Untracked 
|  86|0x0000000087400000, 0x0000000087400000, 0x0000000087500000|  0%| F|  |TAMS 0x0000000087400000| PB 0x0000000087400000| Untracked 
|  87|0x0000000087500000, 0x0000000087500000, 0x0000000087600000|  0%| F|  |TAMS 0x0000000087500000| PB 0x0000000087500000| Untracked 
|  88|0x0000000087600000, 0x0000000087600000, 0x0000000087700000|  0%| F|  |TAMS 0x0000000087600000| PB 0x0000000087600000| Untracked 
|  89|0x0000000087700000, 0x0000000087700000, 0x0000000087800000|  0%| F|  |TAMS 0x0000000087700000| PB 0x0000000087700000| Untracked 
|  90|0x0000000087800000, 0x0000000087800000, 0x0000000087900000|  0%| F|  |TAMS 0x0000000087800000| PB 0x0000000087800000| Untracked 
|  91|0x0000000087900000, 0x0000000087900000, 0x0000000087a00000|  0%| F|  |TAMS 0x0000000087900000| PB 0x0000000087900000| Untracked 
|  92|0x0000000087a00000, 0x0000000087a00000, 0x0000000087b00000|  0%| F|  |TAMS 0x0000000087a00000| PB 0x0000000087a00000| Untracked 
|  93|0x0000000087b00000, 0x0000000087b00000, 0x0000000087c00000|  0%| F|  |TAMS 0x0000000087b00000| PB 0x0000000087b00000| Untracked 
|  94|0x0000000087c00000, 0x0000000087c00000, 0x0000000087d00000|  0%| F|  |TAMS 0x0000000087c00000| PB 0x0000000087c00000| Untracked 
|  95|0x0000000087d00000, 0x0000000087d00000, 0x0000000087e00000|  0%| F|  |TAMS 0x0000000087d00000| PB 0x0000000087d00000| Untracked 
|  96|0x0000000087e00000, 0x0000000087e00000, 0x0000000087f00000|  0%| F|  |TAMS 0x0000000087e00000| PB 0x0000000087e00000| Untracked 
|  97|0x0000000087f00000, 0x0000000087f00000, 0x0000000088000000|  0%| F|  |TAMS 0x0000000087f00000| PB 0x0000000087f00000| Untracked 
|  98|0x0000000088000000, 0x0000000088000000, 0x0000000088100000|  0%| F|  |TAMS 0x0000000088000000| PB 0x0000000088000000| Untracked 
|  99|0x0000000088100000, 0x0000000088100000, 0x0000000088200000|  0%| F|  |TAMS 0x0000000088100000| PB 0x0000000088100000| Untracked 
| 100|0x0000000088200000, 0x0000000088200000, 0x0000000088300000|  0%| F|  |TAMS 0x0000000088200000| PB 0x0000000088200000| Untracked 
| 101|0x0000000088300000, 0x0000000088300000, 0x0000000088400000|  0%| F|  |TAMS 0x0000000088300000| PB 0x0000000088300000| Untracked 
| 102|0x0000000088400000, 0x0000000088500000, 0x0000000088500000|100%| S|CS|TAMS 0x0000000088400000| PB 0x0000000088400000| Complete 
| 103|0x0000000088500000, 0x0000000088600000, 0x0000000088600000|100%| S|CS|TAMS 0x0000000088500000| PB 0x0000000088500000| Complete 
| 104|0x0000000088600000, 0x0000000088700000, 0x0000000088700000|100%| S|CS|TAMS 0x0000000088600000| PB 0x0000000088600000| Complete 
| 105|0x0000000088700000, 0x0000000088700000, 0x0000000088800000|  0%| F|  |TAMS 0x0000000088700000| PB 0x0000000088700000| Untracked 
| 106|0x0000000088800000, 0x00000000888c4ef0, 0x0000000088900000| 76%| E|  |TAMS 0x0000000088800000| PB 0x0000000088800000| Complete 
| 107|0x0000000088900000, 0x0000000088a00000, 0x0000000088a00000|100%| E|CS|TAMS 0x0000000088900000| PB 0x0000000088900000| Complete 
| 108|0x0000000088a00000, 0x0000000088b00000, 0x0000000088b00000|100%| E|CS|TAMS 0x0000000088a00000| PB 0x0000000088a00000| Complete 
| 109|0x0000000088b00000, 0x0000000088c00000, 0x0000000088c00000|100%| E|CS|TAMS 0x0000000088b00000| PB 0x0000000088b00000| Complete 
| 110|0x0000000088c00000, 0x0000000088d00000, 0x0000000088d00000|100%| E|CS|TAMS 0x0000000088c00000| PB 0x0000000088c00000| Complete 
| 111|0x0000000088d00000, 0x0000000088e00000, 0x0000000088e00000|100%| E|CS|TAMS 0x0000000088d00000| PB 0x0000000088d00000| Complete 
| 112|0x0000000088e00000, 0x0000000088f00000, 0x0000000088f00000|100%| E|CS|TAMS 0x0000000088e00000| PB 0x0000000088e00000| Complete 
| 113|0x0000000088f00000, 0x0000000089000000, 0x0000000089000000|100%| E|CS|TAMS 0x0000000088f00000| PB 0x0000000088f00000| Complete 
| 114|0x0000000089000000, 0x0000000089100000, 0x0000000089100000|100%| E|CS|TAMS 0x0000000089000000| PB 0x0000000089000000| Complete 
| 115|0x0000000089100000, 0x0000000089200000, 0x0000000089200000|100%| E|CS|TAMS 0x0000000089100000| PB 0x0000000089100000| Complete 
| 116|0x0000000089200000, 0x0000000089300000, 0x0000000089300000|100%| E|CS|TAMS 0x0000000089200000| PB 0x0000000089200000| Complete 
| 117|0x0000000089300000, 0x0000000089400000, 0x0000000089400000|100%| E|CS|TAMS 0x0000000089300000| PB 0x0000000089300000| Complete 
| 118|0x0000000089400000, 0x0000000089500000, 0x0000000089500000|100%| E|CS|TAMS 0x0000000089400000| PB 0x0000000089400000| Complete 
| 119|0x0000000089500000, 0x0000000089600000, 0x0000000089600000|100%| E|CS|TAMS 0x0000000089500000| PB 0x0000000089500000| Complete 
| 120|0x0000000089600000, 0x0000000089700000, 0x0000000089700000|100%| E|CS|TAMS 0x0000000089600000| PB 0x0000000089600000| Complete 
| 121|0x0000000089700000, 0x0000000089800000, 0x0000000089800000|100%| E|  |TAMS 0x0000000089700000| PB 0x0000000089700000| Complete 
| 122|0x0000000089800000, 0x0000000089900000, 0x0000000089900000|100%| E|CS|TAMS 0x0000000089800000| PB 0x0000000089800000| Complete 
| 123|0x0000000089900000, 0x0000000089a00000, 0x0000000089a00000|100%| E|CS|TAMS 0x0000000089900000| PB 0x0000000089900000| Complete 
| 124|0x0000000089a00000, 0x0000000089b00000, 0x0000000089b00000|100%| E|CS|TAMS 0x0000000089a00000| PB 0x0000000089a00000| Complete 
| 125|0x0000000089b00000, 0x0000000089c00000, 0x0000000089c00000|100%| E|CS|TAMS 0x0000000089b00000| PB 0x0000000089b00000| Complete 
| 126|0x0000000089c00000, 0x0000000089d00000, 0x0000000089d00000|100%| E|CS|TAMS 0x0000000089c00000| PB 0x0000000089c00000| Complete 
| 127|0x0000000089d00000, 0x0000000089e00000, 0x0000000089e00000|100%| E|CS|TAMS 0x0000000089d00000| PB 0x0000000089d00000| Complete 

Card table byte_map: [0x000001c53e2d0000,0x000001c53e6d0000] _byte_map_base: 0x000001c53dec1000

Marking Bits: (CMBitMap*) 0x000001c526b4c6d0
 Bits: [0x000001c53ead0000, 0x000001c540a58000)

Polling page: 0x000001c524a70000

Metaspace:

Usage:
  Non-class:      9.75 MB used.
      Class:      1.39 MB used.
       Both:     11.14 MB used.

Virtual space:
  Non-class space:       64.00 MB reserved,       9.88 MB ( 15%) committed,  1 nodes.
      Class space:        1.00 GB reserved,       1.50 MB ( <1%) committed,  1 nodes.
             Both:        1.06 GB reserved,      11.38 MB (  1%) committed. 

Chunk freelists:
   Non-Class:  2.11 MB
       Class:  2.42 MB
        Both:  4.53 MB

MaxMetaspaceSize: unlimited
CompressedClassSpaceSize: 1.00 GB
Initial GC threshold: 21.00 MB
Current GC threshold: 21.00 MB
CDS: on
MetaspaceReclaimPolicy: balanced
 - commit_granule_bytes: 65536.
 - commit_granule_words: 8192.
 - virtual_space_node_default_size: 8388608.
 - enlarge_chunks_in_place: 1.
 - new_chunks_are_fully_committed: 0.
 - uncommit_free_chunks: 1.
 - use_allocation_guard: 0.


Internal statistics:

num_allocs_failed_limit: 0.
num_arena_births: 170.
num_arena_deaths: 0.
num_vsnodes_births: 2.
num_vsnodes_deaths: 0.
num_space_committed: 182.
num_space_uncommitted: 0.
num_chunks_returned_to_freelist: 0.
num_chunks_taken_from_freelist: 539.
num_chunk_merges: 0.
num_chunk_splits: 336.
num_chunks_enlarged: 246.
num_inconsistent_stats: 0.

CodeHeap 'non-profiled nmethods': size=120000Kb used=671Kb max_used=671Kb free=119328Kb
 bounds [0x000001c536670000, 0x000001c5368e0000, 0x000001c53dba0000]
CodeHeap 'profiled nmethods': size=120000Kb used=3556Kb max_used=3556Kb free=116443Kb
 bounds [0x000001c52eba0000, 0x000001c52ef20000, 0x000001c5360d0000]
CodeHeap 'non-nmethods': size=5760Kb used=1432Kb max_used=1480Kb free=4327Kb
 bounds [0x000001c5360d0000, 0x000001c536340000, 0x000001c536670000]
 total_blobs=2302 nmethods=1834 adapters=378
 compilation: enabled
              stopped_count=0, restarted_count=0
 full_count=0

Compilation events (20 events):
Event: 3.436 Thread 0x000001c54349b780 nmethod 1812 0x000001c52ef0b690 code [0x000001c52ef0b840, 0x000001c52ef0bb68]
Event: 3.437 Thread 0x000001c54349b780 1813       1       java.lang.Enum::name (5 bytes)
Event: 3.437 Thread 0x000001c54349b780 nmethod 1813 0x000001c53670e690 code [0x000001c53670e800, 0x000001c53670e8c8]
Event: 3.447 Thread 0x000001c5485b25b0 nmethod 1770 0x000001c53670e990 code [0x000001c53670ee60, 0x000001c536714238]
Event: 3.449 Thread 0x000001c5485b25b0 1802       4       jdk.internal.org.objectweb.asm.MethodWriter::visitEnd (1 bytes)
Event: 3.449 Thread 0x000001c5485b25b0 nmethod 1802 0x000001c536717010 code [0x000001c536717180, 0x000001c536717208]
Event: 3.463 Thread 0x000001c54349b780 1814       3       ch.qos.logback.classic.Logger::getChildByName (68 bytes)
Event: 3.464 Thread 0x000001c54349b780 nmethod 1814 0x000001c52ef0bc90 code [0x000001c52ef0be80, 0x000001c52ef0c420]
Event: 3.468 Thread 0x000001c54349b780 1815       3       java.lang.invoke.Invokers::callSiteForm (301 bytes)
Event: 3.471 Thread 0x000001c54349b780 nmethod 1815 0x000001c52ef0c610 code [0x000001c52ef0c920, 0x000001c52ef0dd48]
Event: 3.471 Thread 0x000001c54349b780 1816       3       java.lang.invoke.BootstrapMethodInvoker::widenAndCast (47 bytes)
Event: 3.472 Thread 0x000001c54349b780 nmethod 1816 0x000001c52ef0e610 code [0x000001c52ef0e860, 0x000001c52ef0f180]
Event: 3.510 Thread 0x000001c5485b25b0 1817       4       java.lang.StringConcatHelper::newString (67 bytes)
Event: 3.513 Thread 0x000001c5485b25b0 nmethod 1817 0x000001c536717310 code [0x000001c536717480, 0x000001c536717590]
Event: 3.514 Thread 0x000001c54349b780 1818       1       org.springframework.core.ResolvableType::resolve (5 bytes)
Event: 3.515 Thread 0x000001c54349b780 nmethod 1818 0x000001c536717690 code [0x000001c536717800, 0x000001c5367178c8]
Event: 3.516 Thread 0x000001c54349b780 1819   !   3       org.springframework.util.ConcurrentReferenceHashMap$Segment::clear (69 bytes)
Event: 3.517 Thread 0x000001c54349b780 nmethod 1819 0x000001c52ef0f490 code [0x000001c52ef0f6c0, 0x000001c52ef101f0]
Event: 3.534 Thread 0x000001c5485b25b0 1820       4       java.lang.ClassLoader::checkName (37 bytes)
Event: 3.538 Thread 0x000001c5485b25b0 nmethod 1820 0x000001c536717990 code [0x000001c536717b00, 0x000001c536717cc0]

GC Heap History (2 events):
Event: 2.086 GC heap before
{Heap before GC invocations=0 (full 0):
 garbage-first heap   total 131072K, used 23552K [0x0000000081e00000, 0x0000000100000000)
  region size 1024K, 23 young (23552K), 0 survivors (0K)
 Metaspace       used 5085K, committed 5248K, reserved 1114112K
  class space    used 627K, committed 704K, reserved 1048576K
}
Event: 2.096 GC heap after
{Heap after GC invocations=1 (full 0):
 garbage-first heap   total 131072K, used 6764K [0x0000000081e00000, 0x0000000100000000)
  region size 1024K, 3 young (3072K), 3 survivors (3072K)
 Metaspace       used 5085K, committed 5248K, reserved 1114112K
  class space    used 627K, committed 704K, reserved 1048576K
}

Dll operation events (10 events):
Event: 0.042 Loaded shared library C:\Program Files\Java\jdk-20\bin\java.dll
Event: 0.075 Loaded shared library C:\Program Files\Java\jdk-20\bin\jsvml.dll
Event: 0.456 Loaded shared library C:\Program Files\Java\jdk-20\bin\zip.dll
Event: 0.462 Loaded shared library C:\Program Files\Java\jdk-20\bin\instrument.dll
Event: 0.472 Loaded shared library C:\Program Files\Java\jdk-20\bin\net.dll
Event: 0.476 Loaded shared library C:\Program Files\Java\jdk-20\bin\nio.dll
Event: 0.484 Loaded shared library C:\Program Files\Java\jdk-20\bin\zip.dll
Event: 0.516 Loaded shared library C:\Program Files\JetBrains\IntelliJ IDEA 2023.1.1\bin\breakgen64.dll
Event: 0.534 Loaded shared library C:\Program Files\Java\jdk-20\bin\extnet.dll
Event: 0.890 Loaded shared library C:\Program Files\Java\jdk-20\bin\jimage.dll

Deoptimization events (20 events):
Event: 2.821 Thread 0x000001c526aec360 Uncommon trap: trap_request=0xffffff45 fr.pc=0x000001c5366a8ea0 relative=0x0000000000000180
Event: 2.821 Thread 0x000001c526aec360 Uncommon trap: reason=unstable_if action=reinterpret pc=0x000001c5366a8ea0 method=java.util.zip.ZipCoder.hash(Ljava/lang/String;)I @ 23 c2
Event: 2.821 Thread 0x000001c526aec360 DEOPT PACKING pc=0x000001c5366a8ea0 sp=0x000000664c2fcbb0
Event: 2.821 Thread 0x000001c526aec360 DEOPT UNPACKING pc=0x000001c536139d22 sp=0x000000664c2fcb38 mode 2
Event: 2.821 Thread 0x000001c526aec360 Uncommon trap: trap_request=0xffffff45 fr.pc=0x000001c5366c74a8 relative=0x00000000000013e8
Event: 2.821 Thread 0x000001c526aec360 Uncommon trap: reason=unstable_if action=reinterpret pc=0x000001c5366c74a8 method=java.io.WinNTFileSystem.normalize(Ljava/lang/String;)Ljava/lang/String; @ 128 c2
Event: 2.821 Thread 0x000001c526aec360 DEOPT PACKING pc=0x000001c5366c74a8 sp=0x000000664c2fcb30
Event: 2.821 Thread 0x000001c526aec360 DEOPT UNPACKING pc=0x000001c536139d22 sp=0x000000664c2fcb08 mode 2
Event: 2.826 Thread 0x000001c526aec360 Uncommon trap: trap_request=0xffffff45 fr.pc=0x000001c536690254 relative=0x0000000000000054
Event: 2.826 Thread 0x000001c526aec360 Uncommon trap: reason=unstable_if action=reinterpret pc=0x000001c536690254 method=sun.nio.fs.WindowsPathParser.isSlash(C)Z @ 9 c2
Event: 2.826 Thread 0x000001c526aec360 DEOPT PACKING pc=0x000001c536690254 sp=0x000000664c2fce40
Event: 2.826 Thread 0x000001c526aec360 DEOPT UNPACKING pc=0x000001c536139d22 sp=0x000000664c2fcdc8 mode 2
Event: 3.056 Thread 0x000001c526aec360 DEOPT PACKING pc=0x000001c52ecb7ae5 sp=0x000000664c2f8ba0
Event: 3.056 Thread 0x000001c526aec360 DEOPT UNPACKING pc=0x000001c53613a4c2 sp=0x000000664c2f8028 mode 0
Event: 3.375 Thread 0x000001c526aec360 DEOPT PACKING pc=0x000001c52ecb7ae5 sp=0x000000664c2fb870
Event: 3.375 Thread 0x000001c526aec360 DEOPT UNPACKING pc=0x000001c53613a4c2 sp=0x000000664c2facf8 mode 0
Event: 3.430 Thread 0x000001c526aec360 Uncommon trap: trap_request=0xffffff45 fr.pc=0x000001c5367069ac relative=0x000000000000074c
Event: 3.430 Thread 0x000001c526aec360 Uncommon trap: reason=unstable_if action=reinterpret pc=0x000001c5367069ac method=java.util.HashMap.putVal(ILjava/lang/Object;Ljava/lang/Object;ZZ)Ljava/lang/Object; @ 236 c2
Event: 3.430 Thread 0x000001c526aec360 DEOPT PACKING pc=0x000001c5367069ac sp=0x000000664c2fb9f0
Event: 3.430 Thread 0x000001c526aec360 DEOPT UNPACKING pc=0x000001c536139d22 sp=0x000000664c2fb978 mode 2

Classes loaded (20 events):
Event: 3.475 Loading class java/util/Hashtable$KeySet
Event: 3.475 Loading class java/util/Hashtable$KeySet done
Event: 3.475 Loading class javax/naming/spi/NamingManager
Event: 3.475 Loading class javax/naming/spi/NamingManager done
Event: 3.476 Loading class javax/naming/NoInitialContextException
Event: 3.476 Loading class javax/naming/NoInitialContextException done
Event: 3.494 Loading class java/util/concurrent/ConcurrentLinkedDeque
Event: 3.495 Loading class java/util/concurrent/ConcurrentLinkedDeque done
Event: 3.495 Loading class java/util/concurrent/ConcurrentLinkedDeque$Node
Event: 3.495 Loading class java/util/concurrent/ConcurrentLinkedDeque$Node done
Event: 3.509 Loading class sun/reflect/generics/tree/BottomSignature
Event: 3.509 Loading class sun/reflect/generics/tree/BottomSignature done
Event: 3.509 Loading class sun/reflect/generics/tree/Wildcard
Event: 3.509 Loading class sun/reflect/generics/tree/Wildcard done
Event: 3.509 Loading class sun/reflect/generics/reflectiveObjects/WildcardTypeImpl
Event: 3.509 Loading class sun/reflect/generics/reflectiveObjects/WildcardTypeImpl done
Event: 3.516 Loading class java/util/Currency
Event: 3.517 Loading class java/util/Currency done
Event: 3.521 Loading class java/util/UUID
Event: 3.521 Loading class java/util/UUID done

Classes unloaded (0 events):
No events

Classes redefined (0 events):
No events

Internal exceptions (20 events):
Event: 2.206 Thread 0x000001c526aec360 Exception <a 'java/lang/ClassNotFoundException'{0x0000000089cc85d8}: javax/smartcardio/CardPermission> (0x0000000089cc85d8) 
thrown [s\open\src\hotspot\share\classfile\systemDictionary.cpp, line 305]
Event: 2.213 Thread 0x000001c526aec360 Exception <a 'java/io/FileNotFoundException'{0x0000000089cd72e8}> (0x0000000089cd72e8) 
thrown [s\open\src\hotspot\share\prims\jni.cpp, line 519]
Event: 2.274 Thread 0x000001c526aec360 Implicit null exception at 0x000001c5366cdf6d to 0x000001c5366ceafd
Event: 2.274 Thread 0x000001c526aec360 Implicit null exception at 0x000001c5366bf8a0 to 0x000001c5366bf91d
Event: 2.455 Thread 0x000001c526aec360 Exception <a 'java/lang/NoSuchMethodError'{0x00000000898cd538}: 'int java.lang.invoke.DirectMethodHandle$Holder.invokeStaticInit(java.lang.Object, java.lang.Object, java.lang.Object)'> (0x00000000898cd538) 
thrown [s\open\src\hotspot\share\interpreter\linkResolver.cpp, line 773]
Event: 2.505 Thread 0x000001c526aec360 Exception <a 'java/lang/NoSuchMethodError'{0x00000000897bed58}: 'int java.lang.invoke.DirectMethodHandle$Holder.invokeInterface(java.lang.Object, java.lang.Object)'> (0x00000000897bed58) 
thrown [s\open\src\hotspot\share\interpreter\linkResolver.cpp, line 773]
Event: 2.558 Thread 0x000001c526aec360 Exception <a 'java/lang/NoSuchMethodError'{0x00000000896d3a18}: 'void java.lang.invoke.DirectMethodHandle$Holder.invokeStaticInit(java.lang.Object, java.lang.Object)'> (0x00000000896d3a18) 
thrown [s\open\src\hotspot\share\interpreter\linkResolver.cpp, line 773]
Event: 2.569 Thread 0x000001c526aec360 Exception <a 'java/lang/NoSuchMethodError'{0x00000000896f5058}: 'java.lang.Object java.lang.invoke.DirectMethodHandle$Holder.invokeStatic(java.lang.Object, int, java.lang.Object)'> (0x00000000896f5058) 
thrown [s\open\src\hotspot\share\interpreter\linkResolver.cpp, line 773]
Event: 2.816 Thread 0x000001c526aec360 Exception <a 'java/lang/NoSuchMethodError'{0x0000000089288ca8}: 'int java.lang.invoke.DirectMethodHandle$Holder.invokeSpecial(java.lang.Object, java.lang.Object, java.lang.Object, java.lang.Object)'> (0x0000000089288ca8) 
thrown [s\open\src\hotspot\share\interpreter\linkResolver.cpp, line 773]
Event: 2.827 Thread 0x000001c526aec360 Exception <a 'java/lang/NoSuchMethodError'{0x00000000892a4e20}: 'int java.lang.invoke.DirectMethodHandle$Holder.invokeSpecial(java.lang.Object, java.lang.Object, java.lang.Object, java.lang.Object, java.lang.Object)'> (0x00000000892a4e20) 
thrown [s\open\src\hotspot\share\interpreter\linkResolver.cpp, line 773]
Event: 2.831 Thread 0x000001c526aec360 Exception <a 'java/lang/NoSuchMethodError'{0x00000000892add28}: 'void java.lang.invoke.DirectMethodHandle$Holder.invokeVirtual(java.lang.Object, java.lang.Object)'> (0x00000000892add28) 
thrown [s\open\src\hotspot\share\interpreter\linkResolver.cpp, line 773]
Event: 3.047 Thread 0x000001c526aec360 Exception <a 'java/lang/NoClassDefFoundError'{0x0000000088e53698}: io/micrometer/context/ThreadLocalAccessor> (0x0000000088e53698) 
thrown [s\open\src\hotspot\share\classfile\systemDictionary.cpp, line 294]
Event: 3.049 Thread 0x000001c526aec360 Exception <a 'java/lang/ExceptionInInitializerError'{0x0000000088e57d00}> (0x0000000088e57d00) 
thrown [s\open\src\hotspot\share\oops\instanceKlass.cpp, line 1165]
Event: 3.060 Thread 0x000001c526aec360 Exception <a 'java/lang/NoSuchMethodError'{0x0000000088e944b0}: 'int java.lang.invoke.Invokers$Holder.invokeExact_MT(java.lang.Object, java.lang.Object)'> (0x0000000088e944b0) 
thrown [s\open\src\hotspot\share\interpreter\linkResolver.cpp, line 773]
Event: 3.073 Thread 0x000001c526aec360 Exception <a 'java/lang/NoSuchMethodError'{0x0000000088ed1670}: 'int java.lang.invoke.DirectMethodHandle$Holder.invokeVirtual(java.lang.Object, java.lang.Object, java.lang.Object)'> (0x0000000088ed1670) 
thrown [s\open\src\hotspot\share\interpreter\linkResolver.cpp, line 773]
Event: 3.085 Thread 0x000001c526aec360 Exception <a 'java/lang/NoSuchMethodError'{0x0000000088efd2b0}: 'java.lang.Object java.lang.invoke.DirectMethodHandle$Holder.newInvokeSpecial(java.lang.Object, java.lang.Object, java.lang.Object, java.lang.Object, java.lang.Object, java.lang.Object, java.lang.Object)'> (0x0000000088efd2b0) 
thrown [s\open\src\hotspot\share\interpreter\linkResolver.cpp, line 773]
Event: 3.092 Thread 0x000001c526aec360 Exception <a 'java/lang/NoSuchMethodError'{0x0000000088d0e618}: 'java.lang.Object java.lang.invoke.DirectMethodHandle$Holder.invokeInterface(java.lang.Object, java.lang.Object, java.lang.Object, java.lang.Object, java.lang.Object)'> (0x0000000088d0e618) 
thrown [s\open\src\hotspot\share\interpreter\linkResolver.cpp, line 773]
Event: 3.093 Thread 0x000001c526aec360 Exception <a 'java/lang/IncompatibleClassChangeError'{0x0000000088d12140}: Found class java.lang.Object, but interface was expected> (0x0000000088d12140) 
thrown [s\open\src\hotspot\share\interpreter\linkResolver.cpp, line 840]
Event: 3.450 Thread 0x000001c526aec360 Exception <a 'java/lang/IncompatibleClassChangeError'{0x0000000088a8e8c0}: Found class java.lang.Object, but interface was expected> (0x0000000088a8e8c0) 
thrown [s\open\src\hotspot\share\interpreter\linkResolver.cpp, line 840]
Event: 3.474 Thread 0x000001c526aec360 Exception <a 'sun/nio/fs/WindowsException'{0x0000000088ad2ad8}> (0x0000000088ad2ad8) 
thrown [s\open\src\hotspot\share\prims\jni.cpp, line 519]

VM Operations (20 events):
Event: 1.839 Executing VM operation: HandshakeAllThreads
Event: 1.839 Executing VM operation: HandshakeAllThreads done
Event: 2.086 Executing VM operation: G1CollectForAllocation
Event: 2.097 Executing VM operation: G1CollectForAllocation done
Event: 2.217 Executing VM operation: HandshakeAllThreads
Event: 2.217 Executing VM operation: HandshakeAllThreads done
Event: 2.357 Executing VM operation: HandshakeAllThreads
Event: 2.357 Executing VM operation: HandshakeAllThreads done
Event: 2.357 Executing VM operation: HandshakeAllThreads
Event: 2.357 Executing VM operation: HandshakeAllThreads done
Event: 2.508 Executing VM operation: HandshakeAllThreads
Event: 2.508 Executing VM operation: HandshakeAllThreads done
Event: 2.764 Executing VM operation: HandshakeAllThreads
Event: 2.764 Executing VM operation: HandshakeAllThreads done
Event: 2.955 Executing VM operation: ICBufferFull
Event: 2.956 Executing VM operation: ICBufferFull done
Event: 3.102 Executing VM operation: HandshakeAllThreads
Event: 3.103 Executing VM operation: HandshakeAllThreads done
Event: 3.476 Executing VM operation: HandshakeAllThreads
Event: 3.476 Executing VM operation: HandshakeAllThreads done

Events (17 events):
Event: 0.076 Thread 0x000001c526aec360 Thread added: 0x000001c526aec360
Event: 0.119 Thread 0x000001c54348d380 Thread added: 0x000001c54348d380
Event: 0.119 Thread 0x000001c54348e320 Thread added: 0x000001c54348e320
Event: 0.122 Thread 0x000001c543494230 Thread added: 0x000001c543494230
Event: 0.122 Thread 0x000001c5434950d0 Thread added: 0x000001c5434950d0
Event: 0.122 Thread 0x000001c543498a30 Thread added: 0x000001c543498a30
Event: 0.123 Thread 0x000001c543499370 Thread added: 0x000001c543499370
Event: 0.123 Thread 0x000001c54349a920 Thread added: 0x000001c54349a920
Event: 0.123 Thread 0x000001c54349b780 Thread added: 0x000001c54349b780
Event: 0.360 Thread 0x000001c543459670 Thread added: 0x000001c543459670
Event: 0.518 Thread 0x000001c547943130 Thread added: 0x000001c547943130
Event: 0.518 Thread 0x000001c5479de110 Thread added: 0x000001c5479de110
Event: 0.598 Thread 0x000001c5479f9bd0 Thread added: 0x000001c5479f9bd0
Event: 0.893 Thread 0x000001c5479f9bd0 Thread exited: 0x000001c5479f9bd0
Event: 1.058 Thread 0x000001c547a8c3a0 Thread added: 0x000001c547a8c3a0
Event: 1.881 Thread 0x000001c547a8c3a0 Thread exited: 0x000001c547a8c3a0
Event: 2.198 Thread 0x000001c5485b25b0 Thread added: 0x000001c5485b25b0


Dynamic libraries:
0x00007ff70d1a0000 - 0x00007ff70d1b0000 	C:\Program Files\Java\jdk-20\bin\java.exe
0x00007ffb47c30000 - 0x00007ffb47e28000 	C:\WINDOWS\SYSTEM32\ntdll.dll
0x00007ffb472f0000 - 0x00007ffb473af000 	C:\WINDOWS\System32\KERNEL32.DLL
0x00007ffb45740000 - 0x00007ffb45a36000 	C:\WINDOWS\System32\KERNELBASE.dll
0x00007ffb45a40000 - 0x00007ffb45b40000 	C:\WINDOWS\System32\ucrtbase.dll
0x00007ffb2af90000 - 0x00007ffb2afab000 	C:\Program Files\Java\jdk-20\bin\VCRUNTIME140.dll
0x00007ffb2af70000 - 0x00007ffb2af89000 	C:\Program Files\Java\jdk-20\bin\jli.dll
0x00007ffb47240000 - 0x00007ffb472ef000 	C:\WINDOWS\System32\ADVAPI32.dll
0x00007ffb464e0000 - 0x00007ffb4657e000 	C:\WINDOWS\System32\msvcrt.dll
0x00007ffb45cf0000 - 0x00007ffb45d8c000 	C:\WINDOWS\System32\sechost.dll
0x00007ffb47a90000 - 0x00007ffb47bb6000 	C:\WINDOWS\System32\RPCRT4.dll
0x00007ffb46580000 - 0x00007ffb4671d000 	C:\WINDOWS\System32\USER32.dll
0x00007ffb296b0000 - 0x00007ffb2994a000 	C:\WINDOWS\WinSxS\amd64_microsoft.windows.common-controls_6595b64144ccf1df_6.0.19041.1110_none_60b5254171f9507e\COMCTL32.dll
0x00007ffb45310000 - 0x00007ffb45332000 	C:\WINDOWS\System32\win32u.dll
0x00007ffb46720000 - 0x00007ffb4674c000 	C:\WINDOWS\System32\GDI32.dll
0x00007ffb45390000 - 0x00007ffb454a5000 	C:\WINDOWS\System32\gdi32full.dll
0x00007ffb45b40000 - 0x00007ffb45bdd000 	C:\WINDOWS\System32\msvcp_win.dll
0x00007ffb3b320000 - 0x00007ffb3b32a000 	C:\WINDOWS\SYSTEM32\VERSION.dll
0x00007ffb47bc0000 - 0x00007ffb47bf0000 	C:\WINDOWS\System32\IMM32.DLL
0x00007ffb2dbd0000 - 0x00007ffb2dbdc000 	C:\Program Files\Java\jdk-20\bin\vcruntime140_1.dll
0x00007ffb1ad00000 - 0x00007ffb1ad8e000 	C:\Program Files\Java\jdk-20\bin\msvcp140.dll
0x00007ffaf0d00000 - 0x00007ffaf1997000 	C:\Program Files\Java\jdk-20\bin\server\jvm.dll
0x00007ffb29510000 - 0x00007ffb29537000 	C:\WINDOWS\SYSTEM32\WINMM.dll
0x00007ffb29c10000 - 0x00007ffb29c19000 	C:\WINDOWS\SYSTEM32\WSOCK32.dll
0x00007ffb47a20000 - 0x00007ffb47a8b000 	C:\WINDOWS\System32\ws2_32.DLL
0x00007ffb43b10000 - 0x00007ffb43b22000 	C:\WINDOWS\SYSTEM32\kernel.appcore.dll
0x00007ffb2b740000 - 0x00007ffb2b74a000 	C:\Program Files\Java\jdk-20\bin\jimage.dll
0x00007ffb43150000 - 0x00007ffb43334000 	C:\WINDOWS\SYSTEM32\DBGHELP.DLL
0x00007ffb2a870000 - 0x00007ffb2a8a4000 	C:\WINDOWS\SYSTEM32\dbgcore.DLL
0x00007ffb45550000 - 0x00007ffb455d2000 	C:\WINDOWS\System32\bcryptPrimitives.dll
0x00007ffb29fd0000 - 0x00007ffb29fde000 	C:\Program Files\Java\jdk-20\bin\instrument.dll
0x00007ffb2af40000 - 0x00007ffb2af66000 	C:\Program Files\Java\jdk-20\bin\java.dll
0x00007ffb14f10000 - 0x00007ffb14fe7000 	C:\Program Files\Java\jdk-20\bin\jsvml.dll
0x00007ffb45d90000 - 0x00007ffb464d4000 	C:\WINDOWS\System32\SHELL32.dll
0x00007ffb43360000 - 0x00007ffb43af3000 	C:\WINDOWS\SYSTEM32\windows.storage.dll
0x00007ffb47470000 - 0x00007ffb477c4000 	C:\WINDOWS\System32\combase.dll
0x00007ffb44ba0000 - 0x00007ffb44bce000 	C:\WINDOWS\SYSTEM32\Wldp.dll
0x00007ffb47970000 - 0x00007ffb47a1d000 	C:\WINDOWS\System32\SHCORE.dll
0x00007ffb46770000 - 0x00007ffb467c5000 	C:\WINDOWS\System32\shlwapi.dll
0x00007ffb45250000 - 0x00007ffb4526f000 	C:\WINDOWS\SYSTEM32\profapi.dll
0x00007ffb2a0b0000 - 0x00007ffb2a0c8000 	C:\Program Files\Java\jdk-20\bin\zip.dll
0x00007ffb2af20000 - 0x00007ffb2af33000 	C:\Program Files\Java\jdk-20\bin\net.dll
0x00007ffb38060000 - 0x00007ffb3816a000 	C:\WINDOWS\SYSTEM32\WINHTTP.dll
0x00007ffb44980000 - 0x00007ffb449ea000 	C:\WINDOWS\system32\mswsock.dll
0x00007ffb2a0d0000 - 0x00007ffb2a0e6000 	C:\Program Files\Java\jdk-20\bin\nio.dll
0x00007ffb29fb0000 - 0x00007ffb29fca000 	C:\Program Files\JetBrains\IntelliJ IDEA 2023.1.1\bin\breakgen64.dll
0x00007ffb2af10000 - 0x00007ffb2af17000 	C:\Program Files\Java\jdk-20\bin\extnet.dll

dbghelp: loaded successfully - version: 4.0.5 - missing functions: none
symbol engine: initialized successfully - sym options: 0x614 - pdb path: .;C:\Program Files\Java\jdk-20\bin;C:\WINDOWS\SYSTEM32;C:\WINDOWS\WinSxS\amd64_microsoft.windows.common-controls_6595b64144ccf1df_6.0.19041.1110_none_60b5254171f9507e;C:\Program Files\Java\jdk-20\bin\server;C:\Program Files\JetBrains\IntelliJ IDEA 2023.1.1\bin

VM Arguments:
jvm_args: -ea -Didea.test.cyclic.buffer.size=1048576 -javaagent:C:\Program Files\JetBrains\IntelliJ IDEA 2023.1.1\lib\idea_rt.jar=51077:C:\Program Files\JetBrains\IntelliJ IDEA 2023.1.1\bin -Dfile.encoding=UTF-8 -Dsun.stdout.encoding=UTF-8 -Dsun.stderr.encoding=UTF-8 
java_command: com.intellij.rt.junit.JUnitStarter -ideVersion5 -junit5 com.example.TDDMiniProject.TestHTTPRequests,getAllOrdersApi
java_class_path (initial): C:\Users\admin\.m2\repository\org\junit\platform\junit-platform-launcher\1.9.3\junit-platform-launcher-1.9.3.jar;C:\Program Files\JetBrains\IntelliJ IDEA 2023.1.1\lib\idea_rt.jar;C:\Program Files\JetBrains\IntelliJ IDEA 2023.1.1\plugins\junit\lib\junit5-rt.jar;C:\Program Files\JetBrains\IntelliJ IDEA 2023.1.1\plugins\junit\lib\junit-rt.jar;C:\CTAC_Cohort5\FullStack_104\TDDMiniProject\target\test-classes;C:\CTAC_Cohort5\FullStack_104\TDDMiniProject\target\classes;C:\Users\admin\.m2\repository\org\springframework\boot\spring-boot-starter-data-jpa\3.1.1\spring-boot-starter-data-jpa-3.1.1.jar;C:\Users\admin\.m2\repository\org\springframework\boot\spring-boot-starter-aop\3.1.1\spring-boot-starter-aop-3.1.1.jar;C:\Users\admin\.m2\repository\org\springframework\spring-aop\6.0.10\spring-aop-6.0.10.jar;C:\Users\admin\.m2\repository\org\aspectj\aspectjweaver\1.9.19\aspectjweaver-1.9.19.jar;C:\Users\admin\.m2\repository\org\springframework\boot\spring-boot-starter-jdbc\3.1.1\spring-boot-starter-jdbc-3.1.1.jar;C:\Users\admin\.m2\repository\com\zaxxer\HikariCP\5.0.1\HikariCP-5.0.1.jar;C:\Users\admin\.m2\repository\org\springframework\spring-jdbc\6.0.10\spring-jdbc-6.0.10.jar;C:\Users\admin\.m2\repository\org\hibernate\orm\hibernate-core\6.2.5.Final\hibernate-core-6.2.5.Final.jar;C:\Users\admin\.m2\repository\jakarta\persistence\jakarta.persistence-api\3.1.0\jakarta.persistence-api-3.1.0.jar;C:\Users\admin\.m2\repository\jakarta\transaction\jakarta.transaction-api\2.0.1\jakarta.transaction-api-2.0.1.jar;C:\Users\admin\.m2\repository\org\jboss\logging\jboss-logging\3.5.1.Final\jboss-logging-3.5.1.Final.jar;C:\Users\admin\.m2\repository\org\hibernate\common\hibernate-commons-annotations\6.0.6.Final\hibernate-commons-annotations-6.0.6.Final.jar;C:\Users\admin\.m2\repository\io\smallrye\jandex\3.0.5\jandex-3.0.5.jar;C:\Users\admin\.m2\repository\com\fasterxml\classmate\1.5.1\classmate-1.5.1.jar;C:\Users\admin\.m2\repository\org\glassfish\jaxb\jaxb-runtime\4.0.3\jaxb-runtime-4.0.3.jar;C:\Users\admin\.m2\repository\org\glassfish\jaxb\jaxb-core\4.0.3\jaxb-core-4.0.3.jar;C:\Users\admin\.m2\repository\org\eclipse\angus\angus-activation\2.0.1\angus-activation-2.0.1.jar;C:\Users\admin\.m2\repository\org\glassfish\jaxb\txw2\4.0.3\txw2-4.0.3.jar;C:\Users\admin\.m2\repository\com\sun\istack\istack-commons-runtime\4.1.2\istack-commons-runtime-4.1.2.jar;C:\Users\admin\.m2\repository\jakarta\inject\jakarta.inject-api\2.0.1\jakarta.inject-api-2.0.1.jar;C:\Users\admin\.m2\repository\org\antlr\antlr4-runtime\4.10.1\antlr4-runtime-4.10.1.jar;C:\Users\admin\.m2\repository\org\springframework\data\spring-data-jpa\3.1.1\spring-data-jpa-3.1.1.jar;C:\Users\admin\.m2\repository\org\springframework\data\spring-data-commons\3.1.1\spring-data-commons-3.1.1.jar;C:\Users\admin\.m2\repository\org\springframework\spring-orm\6.0.10\spring-orm-6.0.10.jar;C:\Users\admin\.m2\repository\org\springframework\spring-context\6.0.10\spring-context-6.0.10.jar;C:\Users\admin\.m2\repository\org\springframework\spring-tx\6.0.10\spring-tx-6.0.10.jar;C:\Users\admin\.m2\repository\org\springframework\spring-beans\6.0.10\spring-beans-6.0.10.jar;C:\Users\admin\.m2\repository\jakarta\annotation\jakarta.annotation-api\2.1.1\jakarta.annotation-api-2.1.1.jar;C:\Users\admin\.m2\repository\org\slf4j\slf4j-api\2.0.7\slf4j-api-2.0.7.jar;C:\Users\admin\.m2\repository\org\springframework\spring-aspects\6.0.10\spring-aspects-6.0.10.jar;C:\Users\admin\.m2\repository\org\springframework\boot\spring-boot-starter-web\3.1.1\spring-boot-starter-web-3.1.1.jar;C:\Users\admin\.m2\repository\org\springframework\boot\spring-boot-starter\3.1.1\spring-boot-starter-3.1.1.jar;C:\Users\admin\.m2\repository\org\springframework\boot\spring-boot\3.1.1\spring-boot-3.1.1.jar;C:\Users\admin\.m2\repository\org\springframework\boot\spring-boot-autoconfigure\3.1.1\spring-boot-autoconfigure-3.1.1.jar;C:\Users\admin\.m2\repository\org\springframework\boot\spring-boot-starter-logging\3.1.1\spring-boot-starter-logging-3.1.1.jar;C:\Users\admin\.m2\repository\ch\qos\logback\logback-classic\1.4.8\logback-classic-1.4.8.jar;C:\Users\admin\.m2\repository\ch\qos\logback\logback-core\1.4.8\logback-core-1.4.8.jar;C:\Users\admin\.m2\repository\org\apache\logging\log4j\log4j-to-slf4j\2.20.0\log4j-to-slf4j-2.20.0.jar;C:\Users\admin\.m2\repository\org\apache\logging\log4j\log4j-api\2.20.0\log4j-api-2.20.0.jar;C:\Users\admin\.m2\repository\org\slf4j\jul-to-slf4j\2.0.7\jul-to-slf4j-2.0.7.jar;C:\Users\admin\.m2\repository\org\yaml\snakeyaml\1.33\snakeyaml-1.33.jar;C:\Users\admin\.m2\repository\org\springframework\boot\spring-boot-starter-json\3.1.1\spring-boot-starter-json-3.1.1.jar;C:\Users\admin\.m2\repository\com\fasterxml\jackson\core\jackson-databind\2.15.2\jackson-databind-2.15.2.jar;C:\Users\admin\.m2\repository\com\fasterxml\jackson\core\jackson-annotations\2.15.2\jackson-annotations-2.15.2.jar;C:\Users\admin\.m2\repository\com\fasterxml\jackson\core\jackson-core\2.15.2\jackson-core-2.15.2.jar;C:\Users\admin\.m2\repository\com\fasterxml\jackson\datatype\jackson-datatype-jdk8\2.15.2\jackson-datatype-jdk8-2.15.2.jar;C:\Users\admin\.m2\repository\com\fasterxml\jackson\datatype\jackson-datatype-jsr310\2.15.2\jackson-datatype-jsr310-2.15.2.jar;C:\Users\admin\.m2\repository\com\fasterxml\jackson\module\jackson-module-parameter-names\2.15.2\jackson-module-parameter-names-2.15.2.jar;C:\Users\admin\.m2\repository\org\springframework\boot\spring-boot-starter-tomcat\3.1.1\spring-boot-starter-tomcat-3.1.1.jar;C:\Users\admin\.m2\repository\org\apache\tomcat\embed\tomcat-embed-core\10.1.10\tomcat-embed-core-10.1.10.jar;C:\Users\admin\.m2\repository\org\apache\tomcat\embed\tomcat-embed-el\10.1.10\tomcat-embed-el-10.1.10.jar;C:\Users\admin\.m2\repository\org\apache\tomcat\embed\tomcat-embed-websocket\10.1.10\tomcat-embed-websocket-10.1.10.jar;C:\Users\admin\.m2\repository\org\springframework\spring-web\6.0.10\spring-web-6.0.10.jar;C:\Users\admin\.m2\repository\io\micrometer\micrometer-observation\1.11.1\micrometer-observation-1.11.1.jar;C:\Users\admin\.m2\repository\io\micrometer\micrometer-commons\1.11.1\micrometer-commons-1.11.1.jar;C:\Users\admin\.m2\repository\org\springframework\spring-webmvc\6.0.10\spring-webmvc-6.0.10.jar;C:\Users\admin\.m2\repository\org\springframework\spring-expression\6.0.10\spring-expression-6.0.10.jar;C:\Users\admin\.m2\repository\com\h2database\h2\2.1.214\h2-2.1.214.jar;C:\Users\admin\.m2\repository\org\springframework\boot\spring-boot-starter-test\3.1.1\spring-boot-starter-test-3.1.1.jar;C:\Users\admin\.m2\repository\org\springframework\boot\spring-boot-test\3.1.1\spring-boot-test-3.1.1.jar;C:\Users\admin\.m2\repository\org\springframework\boot\spring-boot-test-autoconfigure\3.1.1\spring-boot-test-autoconfigure-3.1.1.jar;C:\Users\admin\.m2\repository\com\jayway\jsonpath\json-path\2.8.0\json-path-2.8.0.jar;C:\Users\admin\.m2\repository\jakarta\xml\bind\jakarta.xml.bind-api\4.0.0\jakarta.xml.bind-api-4.0.0.jar;C:\Users\admin\.m2\repository\jakarta\activation\jakarta.activation-api\2.1.2\jakarta.activation-api-2.1.2.jar;C:\Users\admin\.m2\repository\net\minidev\json-smart\2.4.11\json-smart-2.4.11.jar;C:\Users\admin\.m2\repository\net\minidev\accessors-smart\2.4.11\accessors-smart-2.4.11.jar;C:\Users\admin\.m2\repository\org\ow2\asm\asm\9.3\asm-9.3.jar;C:\Users\admin\.m2\repository\org\assertj\assertj-core\3.24.2\assertj-core-3.24.2.jar;C:\Users\admin\.m2\repository\org\hamcrest\hamcrest\2.2\hamcrest-2.2.jar;C:\Users\admin\.m2\repository\org\junit\jupiter\junit-jupiter\5.9.3\junit-jupiter-5.9.3.jar;C:\Users\admin\.m2\repository\org\junit\jupiter\junit-jupiter-api\5.9.3\junit-jupiter-api-5.9.3.jar;C:\Users\admin\.m2\repository\org\opentest4j\opentest4j\1.2.0\opentest4j-1.2.0.jar;C:\Users\admin\.m2\repository\org\junit\platform\junit-platform-commons\1.9.3\junit-platform-commons-1.9.3.jar;C:\Users\admin\.m2\repository\org\apiguardian\apiguardian-api\1.1.2\apiguardian-api-1.1.2.jar;C:\Users\admin\.m2\repository\org\junit\jupiter\junit-jupiter-params\5.9.3\junit-jupiter-params-5.9.3.jar;C:\Users\admin\.m2\repository\org\junit\jupiter\junit-jupiter-engine\5.9.3\junit-jupiter-engine-5.9.3.jar;C:\Users\admin\.m2\repository\org\junit\platform\junit-platform-engine\1.9.3\junit-platform-engine-1.9.3.jar;C:\Users\admin\.m2\repository\org\mockito\mockito-junit-jupiter\5.3.1\mockito-junit-jupiter-5.3.1.jar;C:\Users\admin\.m2\repository\org\skyscreamer\jsonassert\1.5.1\jsonassert-1.5.1.jar;C:\Users\admin\.m2\repository\com\vaadin\external\google\android-json\0.0.20131108.vaadin1\android-json-0.0.20131108.vaadin1.jar;C:\Users\admin\.m2\repository\org\springframework\spring-core\6.0.10\spring-core-6.0.10.jar;C:\Users\admin\.m2\repository\org\springframework\spring-jcl\6.0.10\spring-jcl-6.0.10.jar;C:\Users\admin\.m2\repository\org\springframework\spring-test\6.0.10\spring-test-6.0.10.jar;C:\Users\admin\.m2\repository\org\xmlunit\xmlunit-core\2.9.1\xmlunit-core-2.9.1.jar;C:\Users\admin\.m2\repository\org\mockito\mockito-core\3.11.2\mockito-core-3.11.2.jar;C:\Users\admin\.m2\repository\net\bytebuddy\byte-buddy\1.14.5\byte-buddy-1.14.5.jar;C:\Users\admin\.m2\repository\net\bytebuddy\byte-buddy-agent\1.14.5\byte-buddy-agent-1.14.5.jar;C:\Users\admin\.m2\repository\org\objenesis\objenesis\3.2\objenesis-3.2.jar
Launcher Type: SUN_STANDARD

[Global flags]
     intx CICompilerCount                          = 4                                         {product} {ergonomic}
     uint ConcGCThreads                            = 2                                         {product} {ergonomic}
     uint G1ConcRefinementThreads                  = 8                                         {product} {ergonomic}
   size_t G1HeapRegionSize                         = 1048576                                   {product} {ergonomic}
    uintx GCDrainStackTargetSize                   = 64                                        {product} {ergonomic}
   size_t InitialHeapSize                          = 134217728                                 {product} {ergonomic}
   size_t MarkStackSize                            = 4194304                                   {product} {ergonomic}
   size_t MaxHeapSize                              = 2116026368                                {product} {ergonomic}
   size_t MaxNewSize                               = 1268776960                                {product} {ergonomic}
   size_t MinHeapDeltaBytes                        = 1048576                                   {product} {ergonomic}
   size_t MinHeapSize                              = 8388608                                   {product} {ergonomic}
    uintx NonNMethodCodeHeapSize                   = 5839372                                {pd product} {ergonomic}
    uintx NonProfiledCodeHeapSize                  = 122909434                              {pd product} {ergonomic}
    uintx ProfiledCodeHeapSize                     = 122909434                              {pd product} {ergonomic}
    uintx ReservedCodeCacheSize                    = 251658240                              {pd product} {ergonomic}
     bool SegmentedCodeCache                       = true                                      {product} {ergonomic}
   size_t SoftMaxHeapSize                          = 2116026368                             {manageable} {ergonomic}
     bool UseCompressedClassPointers               = true                           {product lp64_product} {ergonomic}
     bool UseCompressedOops                        = true                           {product lp64_product} {ergonomic}
     bool UseG1GC                                  = true                                      {product} {ergonomic}
     bool UseLargePagesIndividualAllocation        = false                                  {pd product} {ergonomic}

Logging:
Log output configuration:
 #0: stdout all=warning uptime,level,tags foldmultilines=false
 #1: stderr all=off uptime,level,tags foldmultilines=false

Environment Variables:
JAVA_HOME=C:\Program Files\Java\jdk-20
PATH=C:\Program Files\Common Files\Oracle\Java\javapath;C:\Program Files (x86)\Common Files\Oracle\Java\javapath;C:\WINDOWS\system32;C:\WINDOWS;C:\WINDOWS\System32\Wbem;C:\WINDOWS\System32\WindowsPowerShell\v1.0\;C:\WINDOWS\System32\OpenSSH\;C:\Program Files\dotnet\;C:\Program Files\Git\cmd;C:\Program Files (x86)\nodejs\;C:\CTAC_Cohort5\FullStack_103\apache-maven-3.9.1\bin;C:\Program Files\Java\jdk-20\bin;C:\Users\admin\AppData\Local\Microsoft\WindowsApps;C:\Users\admin\AppData\Local\Programs\Microsoft VS Code\bin;C:\Users\admin\AppData\Roaming\npm;C:\CTAC_Cohort5\FullStack_103\apache-maven-3.9.1\bin;C:\Program Files\Java\jdk-20\bin;
USERNAME=admin
OS=Windows_NT
PROCESSOR_IDENTIFIER=Intel64 Family 6 Model 142 Stepping 10, GenuineIntel
TMP=C:\Users\admin\AppData\Local\Temp
TEMP=C:\Users\admin\AppData\Local\Temp




---------------  S Y S T E M  ---------------

OS:
 Windows 10 , 64 bit Build 19041 (10.0.19041.3031)
OS uptime: 0 days 1:40 hours
Hyper-V role detected

CPU: total 8 (initial active 8) (4 cores per cpu, 2 threads per core) family 6 model 142 stepping 10 microcode 0xf0, cx8, cmov, fxsr, ht, mmx, 3dnowpref, sse, sse2, sse3, ssse3, sse4.1, sse4.2, popcnt, lzcnt, tsc, tscinvbit, avx, avx2, aes, erms, clmul, bmi1, bmi2, rtm, adx, fma, vzeroupper, clflush, clflushopt, hv, rdtscp, f16c

Memory: 4k page, system-wide physical 8067M (505M free)
TotalPageFile size 9067M (AvailPageFile size 4M)
current process WorkingSet (physical memory assigned to process): 104M, peak: 104M
current process commit charge ("private bytes"): 247M, peak: 248M

vm_info: Java HotSpot(TM) 64-Bit Server VM (20.0.1+9-29) for windows-amd64 JRE (20.0.1+9-29), built on 2023-03-07T13:56:11Z by "mach5one" with MS VC++ 17.1 (VS2022)

END.
